2026-05-11 02:36:18,104 INFO gateway.run: Starting Hermes Gateway...
2026-05-11 02:36:18,105 INFO gateway.run: Session storage: /home/ubuntu/.hermes/sessions
2026-05-11 02:36:18,105 INFO gateway.run: Agent budget: max_iterations=90 (agent.max_turns from config.yaml, or HERMES_MAX_ITERATIONS from .env, or default 90)
2026-05-11 02:36:18,110 WARNING gateway.run: No user allowlists configured. All unauthorized users will be denied. Set GATEWAY_ALLOW_ALL_USERS=true in ~/.hermes/.env to allow open access, or configure platform allowlists (e.g., TELEGRAM_ALLOWED_USERS=your_id).
2026-05-11 02:36:18,112 WARNING gateway.run: No messaging platforms enabled.
2026-05-11 02:36:18,112 INFO gateway.run: Gateway will continue running for cron job execution.
2026-05-11 02:36:18,121 INFO gateway.run: Channel directory built: 0 target(s)
2026-05-11 02:36:18,122 INFO gateway.run: Press Ctrl+C to stop
2026-05-11 02:36:18,164 INFO gateway.run: Cron ticker started (interval=60s)
2026-05-11 02:36:23,128 INFO gateway.run: kanban dispatcher: embedded in gateway (interval=60.0s)
2026-05-11 03:05:52,301 INFO gateway.run: Received SIGTERM/SIGINT — initiating shutdown
2026-05-11 03:05:52,342 WARNING gateway.run: Shutdown diagnostic — other hermes processes running:
  ubuntu    151786  5.1  7.4 797624 283992 pts/0   Sl+  03:00   0:17 /root/.hermes/hermes-agent/venv/bin/python3 /usr/local/bin/hermes
  ubuntu    171737  0.0  0.1   8320  3916 pts/3    Ss   03:05   0:00 /bin/bash -c shopt -u promptvars nullglob extglob nocaseglob dotglob; . '/home/ubuntu/.codebuddy/shell-snapshots/snapshot-bash-1778439732458-hyqrrw.sh' && eval 'loginctl enable-linger ubuntu 2>/dev/null; export XDG_RUNTIME_DIR=/run/user/$(id -u ubuntu); systemctl --user daemon-reload && systemctl --user restart hermes-gateway.service && sleep 2 && systemctl --user status hermes-gateway.service'
  ubuntu    171778  0.0  0.1  18272  6296 pts/3    S+   03:05   0:00 systemctl --user restart hermes-gateway.service
2026-05-11 03:05:52,345 INFO gateway.run: Stopping gateway...
2026-05-11 03:05:52,413 INFO gateway.run: Gateway stopped
2026-05-11 03:05:52,414 INFO gateway.run: Cron ticker stopped
2026-05-11 03:05:52,414 INFO gateway.run: Exiting with code 1 (signal-initiated shutdown without restart request) so systemd Restart=on-failure can revive the gateway.
2026-05-11 03:05:54,995 INFO gateway.run: Starting Hermes Gateway...
2026-05-11 03:05:54,996 INFO gateway.run: Session storage: /home/ubuntu/.hermes/sessions
2026-05-11 03:05:54,996 INFO gateway.run: Agent budget: max_iterations=90 (agent.max_turns from config.yaml, or HERMES_MAX_ITERATIONS from .env, or default 90)
2026-05-11 03:05:55,002 INFO gateway.run: Previous gateway exited cleanly — skipping session suspension
2026-05-11 03:05:55,016 INFO gateway.run: Connecting to whatsapp...
2026-05-11 03:05:55,024 INFO gateway.platforms.whatsapp: [Whatsapp] Bridge found at /root/.hermes/hermes-agent/scripts/whatsapp-bridge/bridge.js
2026-05-11 03:06:25,021 ERROR gateway.run: ✗ whatsapp error: whatsapp connect timed out after 30s
2026-05-11 03:06:26,028 ERROR gateway.run: Gateway failed to connect any configured messaging platform: whatsapp: whatsapp connect timed out after 30s
2026-05-11 03:07:28,984 INFO gateway.run: Starting Hermes Gateway...
2026-05-11 03:07:28,984 INFO gateway.run: Session storage: /home/ubuntu/.hermes/sessions
2026-05-11 03:07:28,985 INFO gateway.run: Agent budget: max_iterations=90 (agent.max_turns from config.yaml, or HERMES_MAX_ITERATIONS from .env, or default 90)
2026-05-11 03:07:29,002 INFO gateway.run: Connecting to whatsapp...
2026-05-11 03:07:29,012 INFO gateway.platforms.whatsapp: [Whatsapp] Bridge found at /root/.hermes/hermes-agent/scripts/whatsapp-bridge/bridge.js
2026-05-11 03:07:59,009 ERROR gateway.run: ✗ whatsapp error: whatsapp connect timed out after 30s
2026-05-11 03:08:00,016 ERROR gateway.run: Gateway failed to connect any configured messaging platform: whatsapp: whatsapp connect timed out after 30s
2026-05-11 03:09:25,343 INFO gateway.run: Starting Hermes Gateway...
2026-05-11 03:09:25,343 INFO gateway.run: Session storage: /home/ubuntu/.hermes/sessions
2026-05-11 03:09:25,343 INFO gateway.run: Agent budget: max_iterations=90 (agent.max_turns from config.yaml, or HERMES_MAX_ITERATIONS from .env, or default 90)
2026-05-11 03:09:25,361 INFO gateway.run: Connecting to whatsapp...
2026-05-11 03:09:25,369 INFO gateway.platforms.whatsapp: [Whatsapp] Bridge found at /root/.hermes/hermes-agent/scripts/whatsapp-bridge/bridge.js
2026-05-11 03:09:29,905 INFO gateway.run: Received SIGTERM/SIGINT — initiating shutdown
2026-05-11 03:09:29,922 WARNING gateway.run: Shutdown diagnostic — other hermes processes running:
  ubuntu    151786  4.1  7.6 871340 293316 pts/0   Sl+  03:00   0:22 /root/.hermes/hermes-agent/venv/bin/python3 /usr/local/bin/hermes
  ubuntu    173238  0.9  2.0  94892 79480 pts/3    S+   03:06   0:01 /root/.hermes/hermes-agent/venv/bin/python3 /usr/local/bin/hermes setup
  ubuntu    174783  0.5  2.6 11622888 100732 pts/3 Sl+  03:06   0:00 node /root/.hermes/hermes-agent/scripts/whatsapp-bridge/bridge.js --pair-only --session /home/ubuntu/.hermes/whatsapp/session
  ubuntu    184493 29.7  3.5 11853872 136596 ?     Ssl  03:09   0:01 node /root/.hermes/hermes-agent/scripts/whatsapp-bridge/bridge.js --port 3000 --session /home/ubuntu/.hermes/whatsapp/session --mode self-chat
  ubuntu    184730  0.0  0.1   8320  3912 pts/5    Ss   03:09   0:00 /bin/bash -c shopt -u promptvars nullglob extglob nocaseglob dotglob; . '/home/ubuntu/.codebuddy/shell-snapshots/snapshot-bash-1778439732458-hyqrrw.sh' && eval 'export XDG_RUNTIME_DIR=/run/user/$(id -u ubuntu); systemctl --user stop hermes-gateway.service 2>/dev/null && echo "Service stopped" || echo "Service not running"'
  ubuntu    184751  0.0  0.1  18272  6408 pts/5    S+   03:09   0:00 systemctl --user stop hermes-gateway.service
2026-05-11 03:09:29,923 INFO gateway.run: Stopping gateway...
2026-05-11 03:09:29,985 INFO gateway.run: Gateway stopped
2026-05-11 03:09:55,474 WARNING gateway.run: ✗ whatsapp failed to connect
2026-05-11 03:09:56,484 ERROR gateway.run: Gateway failed to connect any configured messaging platform: whatsapp: failed to connect
2026-05-11 03:15:58,857 INFO gateway.run: Starting Hermes Gateway...
2026-05-11 03:15:58,858 INFO gateway.run: Session storage: /home/ubuntu/.hermes/sessions
2026-05-11 03:15:58,859 INFO gateway.run: Agent budget: max_iterations=90 (agent.max_turns from config.yaml, or HERMES_MAX_ITERATIONS from .env, or default 90)
2026-05-11 03:15:58,868 INFO gateway.run: Previous gateway exited cleanly — skipping session suspension
2026-05-11 03:15:58,888 INFO gateway.run: Connecting to whatsapp...
2026-05-11 03:15:58,897 INFO gateway.platforms.whatsapp: [Whatsapp] Bridge found at /root/.hermes/hermes-agent/scripts/whatsapp-bridge/bridge.js
2026-05-11 03:16:03,940 INFO gateway.run: ✓ whatsapp connected
2026-05-11 03:16:03,945 INFO gateway.run: Gateway running with 1 platform(s)
2026-05-11 03:16:03,952 INFO gateway.run: Channel directory built: 0 target(s)
2026-05-11 03:16:04,954 INFO gateway.run: Press Ctrl+C to stop
2026-05-11 03:16:05,019 INFO gateway.run: Cron ticker started (interval=60s)
2026-05-11 03:16:09,958 INFO gateway.run: kanban dispatcher: embedded in gateway (interval=60.0s)
2026-05-11 03:17:47,317 INFO gateway.run: inbound message: platform=whatsapp user=Justin Ju chat=98222261428379@lid msg='你好'
2026-05-11 03:17:53,225 INFO gateway.run: response ready: platform=whatsapp chat=98222261428379@lid time=5.9s api_calls=1 response=16 chars
2026-05-11 03:17:53,243 INFO gateway.platforms.base: [Whatsapp] Sending response (16 chars) to 98222261428379@lid
2026-05-11 03:17:57,475 INFO gateway.platforms.base: [Whatsapp] Sending response (123 chars) to 98222261428379@lid
2026-05-13 23:35:45,908 INFO gateway.run: Starting Hermes Gateway...
2026-05-13 23:35:45,908 INFO gateway.run: Session storage: /home/ubuntu/.hermes/sessions
2026-05-13 23:35:45,908 INFO gateway.run: Agent budget: max_iterations=90 (agent.max_turns from config.yaml, or HERMES_MAX_ITERATIONS from .env, or default 90)
2026-05-13 23:35:45,926 INFO gateway.run: Connecting to whatsapp...
2026-05-13 23:35:45,933 INFO gateway.platforms.whatsapp: [Whatsapp] Bridge found at /root/.hermes/hermes-agent/scripts/whatsapp-bridge/bridge.js
2026-05-13 23:35:45,944 INFO gateway.run: ✓ whatsapp connected
2026-05-13 23:35:45,946 INFO gateway.run: Gateway running with 1 platform(s)
2026-05-13 23:35:45,953 INFO gateway.run: Channel directory built: 1 target(s)
2026-05-13 23:35:46,039 INFO gateway.run: inbound message: platform=whatsapp user=Justin Ju chat=98222261428379@lid msg='你恢复了关于我和咩咩酱的记忆吗'
2026-05-13 23:35:47,083 INFO gateway.run: Press Ctrl+C to stop
2026-05-13 23:35:47,103 INFO gateway.run: Cron ticker started (interval=60s)
2026-05-13 23:35:52,090 INFO gateway.run: kanban dispatcher: embedded in gateway (interval=60.0s)
2026-05-13 23:36:03,049 INFO gateway.run: Queued follow-up for session agent:main:whatsapp:dm:8613699871152: final stream delivery not confirmed; sending first response before continuing.
2026-05-13 23:36:04,539 INFO gateway.run: response ready: platform=whatsapp chat=98222261428379@lid time=18.5s api_calls=1 response=33 chars
2026-05-13 23:36:04,555 INFO gateway.platforms.base: [Whatsapp] Sending response (33 chars) to 98222261428379@lid
2026-05-13 23:36:22,541 INFO gateway.run: inbound message: platform=whatsapp user=Justin Ju chat=98222261428379@lid msg='你好'
2026-05-13 23:36:24,487 INFO gateway.run: response ready: platform=whatsapp chat=98222261428379@lid time=1.9s api_calls=1 response=16 chars
2026-05-13 23:36:24,495 INFO gateway.platforms.base: [Whatsapp] Sending response (16 chars) to 98222261428379@lid
2026-05-13 23:36:31,567 INFO gateway.run: inbound message: platform=whatsapp user=Justin Ju chat=98222261428379@lid msg='你之前的记忆恢复了吗'
2026-05-13 23:37:02,230 INFO gateway.run: response ready: platform=whatsapp chat=98222261428379@lid time=30.7s api_calls=2 response=526 chars
2026-05-13 23:37:02,237 INFO gateway.platforms.base: [Whatsapp] Sending response (526 chars) to 98222261428379@lid
2026-05-14 00:17:36,229 INFO gateway.run: inbound message: platform=whatsapp user=Justin Ju chat=98222261428379@lid msg='我的git上应该有备份'
2026-05-14 00:18:04,985 INFO gateway.run: Queued follow-up for session agent:main:whatsapp:dm:8613699871152: final stream delivery not confirmed; sending first response before continuing.
2026-05-14 00:18:42,005 INFO gateway.run: response ready: platform=whatsapp chat=98222261428379@lid time=65.8s api_calls=7 response=233 chars
2026-05-14 00:18:42,014 INFO gateway.platforms.base: [Whatsapp] Sending response (233 chars) to 98222261428379@lid
2026-05-14 00:58:39,110 INFO gateway.run: inbound message: platform=whatsapp user=Justin Ju chat=98222261428379@lid msg='你好'
2026-05-14 00:58:44,008 INFO gateway.run: response ready: platform=whatsapp chat=98222261428379@lid time=4.9s api_calls=1 response=13 chars
2026-05-14 00:58:44,015 INFO gateway.platforms.base: [Whatsapp] Sending response (13 chars) to 98222261428379@lid
2026-05-14 00:58:58,024 INFO gateway.run: inbound message: platform=whatsapp user=Justin Ju chat=98222261428379@lid msg='我之前配置过github ssh'
2026-05-14 00:59:05,210 INFO gateway.run: response ready: platform=whatsapp chat=98222261428379@lid time=7.2s api_calls=2 response=201 chars
2026-05-14 00:59:05,218 INFO gateway.platforms.base: [Whatsapp] Sending response (201 chars) to 98222261428379@lid
2026-05-14 00:59:45,108 INFO gateway.run: inbound message: platform=whatsapp user=Justin Ju chat=98222261428379@lid msg='我之前系统被黑了吗'
2026-05-14 01:00:07,148 INFO gateway.run: User approved 1 dangerous command(s) via /approve (pattern approved permanently)
2026-05-14 01:00:15,273 INFO gateway.run: response ready: platform=whatsapp chat=98222261428379@lid time=30.2s api_calls=4 response=474 chars
2026-05-14 01:00:15,284 INFO gateway.platforms.base: [Whatsapp] Sending response (474 chars) to 98222261428379@lid
2026-05-14 01:01:12,286 INFO gateway.run: inbound message: platform=whatsapp user=Justin Ju chat=98222261428379@lid msg='那本地完全没数据了吗？'
2026-05-14 01:01:24,644 INFO gateway.run: response ready: platform=whatsapp chat=98222261428379@lid time=12.4s api_calls=2 response=382 chars
2026-05-14 01:01:24,651 INFO gateway.platforms.base: [Whatsapp] Sending response (382 chars) to 98222261428379@lid
2026-05-14 01:01:31,332 INFO gateway.run: inbound message: platform=whatsapp user=Justin Ju chat=98222261428379@lid msg='我从guthub上能拿回多少'
2026-05-14 01:01:46,425 INFO gateway.run: response ready: platform=whatsapp chat=98222261428379@lid time=15.1s api_calls=4 response=521 chars
2026-05-14 01:01:46,434 INFO gateway.platforms.base: [Whatsapp] Sending response (521 chars) to 98222261428379@lid
2026-05-14 01:02:10,415 INFO gateway.run: inbound message: platform=whatsapp user=Justin Ju chat=98222261428379@lid msg='可以'
2026-05-14 01:02:17,451 INFO gateway.run: response ready: platform=whatsapp chat=98222261428379@lid time=7.0s api_calls=3 response=327 chars
2026-05-14 01:02:17,488 INFO gateway.platforms.base: [Whatsapp] Sending response (327 chars) to 98222261428379@lid
2026-05-14 01:02:24,440 INFO gateway.run: inbound message: platform=whatsapp user=Justin Ju chat=98222261428379@lid msg='为啥有1000多个skills？？'
2026-05-14 01:02:33,314 INFO gateway.run: response ready: platform=whatsapp chat=98222261428379@lid time=8.9s api_calls=2 response=329 chars
2026-05-14 01:02:33,323 INFO gateway.platforms.base: [Whatsapp] Sending response (329 chars) to 98222261428379@lid
2026-05-14 02:07:03,875 INFO gateway.run: Agent cache idle-TTL evict: session=agent:main:whatsapp:dm:8613699871152 (idle=3871s)
2026-05-14 02:07:03,877 INFO gateway.run: Agent cache idle sweep: evicted 1 agent(s)
2026-05-14 04:02:15,272 INFO gateway.run: Session expiry: 1 sessions to finalize (whatsapp:1)
2026-05-14 04:02:15,277 INFO gateway.run: Session expiry done: 1 finalized
2026-05-14 10:51:30,341 INFO gateway.run: inbound message: platform=whatsapp user=Justin Ju chat=98222261428379@lid msg='openclaw可以彻底删除或者禁用吗？'
2026-05-14 10:51:51,961 INFO gateway.run: response ready: platform=whatsapp chat=98222261428379@lid time=21.6s api_calls=4 response=558 chars
2026-05-14 10:51:51,973 INFO gateway.platforms.base: [Whatsapp] Sending response (558 chars) to 98222261428379@lid
2026-05-14 10:52:17,436 INFO gateway.platforms.base: [Whatsapp] Sending response (123 chars) to 98222261428379@lid
2026-05-14 11:33:34,619 INFO gateway.run: inbound message: platform=whatsapp user=Justin Ju chat=98222261428379@lid msg='选择1'
2026-05-14 12:39:44,214 INFO gateway.run: response ready: platform=whatsapp chat=98222261428379@lid time=3969.6s api_calls=28 response=215 chars
2026-05-14 12:39:44,229 INFO gateway.platforms.base: [Whatsapp] Sending response (215 chars) to 98222261428379@lid
2026-05-14 13:43:09,266 INFO gateway.run: Agent cache idle-TTL evict: session=agent:main:whatsapp:dm:8613699871152 (idle=3805s)
2026-05-14 13:43:09,267 INFO gateway.run: Agent cache idle sweep: evicted 1 agent(s)
2026-05-14 23:38:59,870 INFO gateway.run: inbound message: platform=whatsapp user=Justin Ju chat=98222261428379@lid msg='全都默认用中文'
2026-05-14 23:39:38,937 INFO gateway.run: response ready: platform=whatsapp chat=98222261428379@lid time=39.1s api_calls=2 response=12 chars
2026-05-14 23:39:38,945 INFO gateway.platforms.base: [Whatsapp] Sending response (12 chars) to 98222261428379@lid
2026-05-14 23:40:09,924 WARNING gateway.platforms.base: [Whatsapp] Send failed:  — trying plain-text fallback
2026-05-15 00:44:19,270 INFO gateway.run: Agent cache idle-TTL evict: session=agent:main:whatsapp:dm:8613699871152 (idle=3880s)
2026-05-15 00:44:19,272 INFO gateway.run: Agent cache idle sweep: evicted 1 agent(s)
